<?xml version="1.0" encoding="UTF-8"?>
<testng-results ignored="0" total="3" passed="3" failed="0" skipped="0">
  <reporter-output>
  </reporter-output>
  <suite started-at="2022-09-12T19:55:10 PKT" name="Default suite" finished-at="2022-09-12T19:55:15 PKT" duration-ms="4811">
    <groups>
    </groups>
    <test started-at="2022-09-12T19:55:10 PKT" name="Default test" finished-at="2022-09-12T19:55:15 PKT" duration-ms="4811">
      <class name="DynamicJson">
        <test-method signature="addBook(java.lang.String,java.lang.String)[pri:0, instance:DynamicJson@51f116b8]" started-at="2022-09-12T19:55:10 PKT" name="addBook" data-provider="BooksData" finished-at="2022-09-12T19:55:14 PKT" duration-ms="3703" status="PASS">
          <params>
            <param index="0">
              <value>
                <![CDATA[ojfwty]]>
              </value>
            </param>
            <param index="1">
              <value>
                <![CDATA[9363]]>
              </value>
            </param>
          </params>
          <reporter-output>
          </reporter-output>
        </test-method> <!-- addBook -->
        <test-method signature="addBook(java.lang.String,java.lang.String)[pri:0, instance:DynamicJson@51f116b8]" started-at="2022-09-12T19:55:14 PKT" name="addBook" data-provider="BooksData" finished-at="2022-09-12T19:55:15 PKT" duration-ms="495" status="PASS">
          <params>
            <param index="0">
              <value>
                <![CDATA[okmfet]]>
              </value>
            </param>
            <param index="1">
              <value>
                <![CDATA[533]]>
              </value>
            </param>
          </params>
          <reporter-output>
          </reporter-output>
        </test-method> <!-- addBook -->
        <test-method signature="addBook(java.lang.String,java.lang.String)[pri:0, instance:DynamicJson@51f116b8]" started-at="2022-09-12T19:55:15 PKT" name="addBook" data-provider="BooksData" finished-at="2022-09-12T19:55:15 PKT" duration-ms="493" status="PASS">
          <params>
            <param index="0">
              <value>
                <![CDATA[cwetee]]>
              </value>
            </param>
            <param index="1">
              <value>
                <![CDATA[4253]]>
              </value>
            </param>
          </params>
          <reporter-output>
          </reporter-output>
        </test-method> <!-- addBook -->
      </class> <!-- DynamicJson -->
    </test> <!-- Default test -->
  </suite> <!-- Default suite -->
</testng-results>
